<?xml version="1.0" encoding="UTF-8"?>
<!-- Generated by org.testng.reporters.JUnitXMLReporter -->
<testsuite ignored="0" hostname="Shashwat" failures="4" tests="4" name="Test" time="47.861" errors="0" timestamp="21 Sep 2018 12:12:55 GMT">
  <testcase classname="yahooTestCases.SignUpTestCases" name="SignUpToYahoo" time="2.246">
    <failure type="org.openqa.selenium.NoSuchElementException" message="Cannot locate option with value: March
For documentation on this error, please visit: http://seleniumhq.org/exceptions/no_such_element.html
Build info: version: &amp;apos;3.14.0&amp;apos;, revision: &amp;apos;aacccce0&amp;apos;, time: &amp;apos;2018-08-02T20:19:58.91Z&amp;apos;
System info: host: &amp;apos;SHASHWAT&amp;apos;, ip: &amp;apos;192.168.11.153&amp;apos;, os.name: &amp;apos;Windows 7&amp;apos;, os.arch: &amp;apos;amd64&amp;apos;, os.version: &amp;apos;6.1&amp;apos;, java.version: &amp;apos;10.0.2&amp;apos;
Driver info: driver.version: unknown">
      <![CDATA[org.openqa.selenium.NoSuchElementException: Cannot locate option with value: March
For documentation on this error, please visit: http://seleniumhq.org/exceptions/no_such_element.html
Build info: version: '3.14.0', revision: 'aacccce0', time: '2018-08-02T20:19:58.91Z'
System info: host: 'SHASHWAT', ip: '192.168.11.153', os.name: 'Windows 7', os.arch: 'amd64', os.version: '6.1', java.version: '10.0.2'
Driver info: driver.version: unknown
at org.openqa.selenium.support.ui.Select.selectByValue(Select.java:209)
at utilities.Utility.selectValue(Utility.java:47)
at pages.yahooMail.YahooMailSignUpPage.setDOB(YahooMailSignUpPage.java:63)
at yahooTestCases.SignUpTestCases.SignUpToYahoo(SignUpTestCases.java:27)
... Removed 25 stack frames]]>
    </failure>
  </testcase> <!-- SignUpToYahoo -->
  <testcase classname="yahooTestCases.SignUpTestCases" name="SignUpToYahoo" time="1.463">
    <failure type="org.openqa.selenium.NoSuchElementException" message="Cannot locate option with value: May
For documentation on this error, please visit: http://seleniumhq.org/exceptions/no_such_element.html
Build info: version: &amp;apos;3.14.0&amp;apos;, revision: &amp;apos;aacccce0&amp;apos;, time: &amp;apos;2018-08-02T20:19:58.91Z&amp;apos;
System info: host: &amp;apos;SHASHWAT&amp;apos;, ip: &amp;apos;192.168.11.153&amp;apos;, os.name: &amp;apos;Windows 7&amp;apos;, os.arch: &amp;apos;amd64&amp;apos;, os.version: &amp;apos;6.1&amp;apos;, java.version: &amp;apos;10.0.2&amp;apos;
Driver info: driver.version: unknown">
      <![CDATA[org.openqa.selenium.NoSuchElementException: Cannot locate option with value: May
For documentation on this error, please visit: http://seleniumhq.org/exceptions/no_such_element.html
Build info: version: '3.14.0', revision: 'aacccce0', time: '2018-08-02T20:19:58.91Z'
System info: host: 'SHASHWAT', ip: '192.168.11.153', os.name: 'Windows 7', os.arch: 'amd64', os.version: '6.1', java.version: '10.0.2'
Driver info: driver.version: unknown
at org.openqa.selenium.support.ui.Select.selectByValue(Select.java:209)
at utilities.Utility.selectValue(Utility.java:47)
at pages.yahooMail.YahooMailSignUpPage.setDOB(YahooMailSignUpPage.java:63)
at yahooTestCases.SignUpTestCases.SignUpToYahoo(SignUpTestCases.java:27)
... Removed 25 stack frames]]>
    </failure>
  </testcase> <!-- SignUpToYahoo -->
  <testcase classname="yahooTestCases.SignUpTestCases" name="SignUpToYahoo" time="6.944">
    <failure type="org.openqa.selenium.NoSuchElementException" message="Cannot locate option with value: March
For documentation on this error, please visit: http://seleniumhq.org/exceptions/no_such_element.html
Build info: version: &amp;apos;3.14.0&amp;apos;, revision: &amp;apos;aacccce0&amp;apos;, time: &amp;apos;2018-08-02T20:19:58.91Z&amp;apos;
System info: host: &amp;apos;SHASHWAT&amp;apos;, ip: &amp;apos;192.168.11.153&amp;apos;, os.name: &amp;apos;Windows 7&amp;apos;, os.arch: &amp;apos;amd64&amp;apos;, os.version: &amp;apos;6.1&amp;apos;, java.version: &amp;apos;10.0.2&amp;apos;
Driver info: driver.version: unknown">
      <![CDATA[org.openqa.selenium.NoSuchElementException: Cannot locate option with value: March
For documentation on this error, please visit: http://seleniumhq.org/exceptions/no_such_element.html
Build info: version: '3.14.0', revision: 'aacccce0', time: '2018-08-02T20:19:58.91Z'
System info: host: 'SHASHWAT', ip: '192.168.11.153', os.name: 'Windows 7', os.arch: 'amd64', os.version: '6.1', java.version: '10.0.2'
Driver info: driver.version: unknown
at org.openqa.selenium.support.ui.Select.selectByValue(Select.java:209)
at utilities.Utility.selectValue(Utility.java:47)
at pages.yahooMail.YahooMailSignUpPage.setDOB(YahooMailSignUpPage.java:63)
at yahooTestCases.SignUpTestCases.SignUpToYahoo(SignUpTestCases.java:27)
... Removed 25 stack frames]]>
    </failure>
  </testcase> <!-- SignUpToYahoo -->
  <testcase classname="yahooTestCases.SignUpTestCases" name="SignUpToYahoo" time="2.077">
    <failure type="org.openqa.selenium.NoSuchElementException" message="Cannot locate option with value: April
For documentation on this error, please visit: http://seleniumhq.org/exceptions/no_such_element.html
Build info: version: &amp;apos;3.14.0&amp;apos;, revision: &amp;apos;aacccce0&amp;apos;, time: &amp;apos;2018-08-02T20:19:58.91Z&amp;apos;
System info: host: &amp;apos;SHASHWAT&amp;apos;, ip: &amp;apos;192.168.11.153&amp;apos;, os.name: &amp;apos;Windows 7&amp;apos;, os.arch: &amp;apos;amd64&amp;apos;, os.version: &amp;apos;6.1&amp;apos;, java.version: &amp;apos;10.0.2&amp;apos;
Driver info: driver.version: unknown">
      <![CDATA[org.openqa.selenium.NoSuchElementException: Cannot locate option with value: April
For documentation on this error, please visit: http://seleniumhq.org/exceptions/no_such_element.html
Build info: version: '3.14.0', revision: 'aacccce0', time: '2018-08-02T20:19:58.91Z'
System info: host: 'SHASHWAT', ip: '192.168.11.153', os.name: 'Windows 7', os.arch: 'amd64', os.version: '6.1', java.version: '10.0.2'
Driver info: driver.version: unknown
at org.openqa.selenium.support.ui.Select.selectByValue(Select.java:209)
at utilities.Utility.selectValue(Utility.java:47)
at pages.yahooMail.YahooMailSignUpPage.setDOB(YahooMailSignUpPage.java:63)
at yahooTestCases.SignUpTestCases.SignUpToYahoo(SignUpTestCases.java:27)
... Removed 25 stack frames]]>
    </failure>
  </testcase> <!-- SignUpToYahoo -->
</testsuite> <!-- Test -->
