<?xml version="1.0" encoding="UTF-8"?>
<!-- Generated by org.testng.reporters.JUnitReportReporter -->
<testsuite skipped="0" hostname="Shashwat" name="amazonTestCases.AddItemToCart" tests="1" failures="1" timestamp="24 Sep 2018 12:31:25 GMT" time="29.612" errors="0">
  <testcase name="addItemToCartAndVerify" time="29.612" classname="amazonTestCases.AddItemToCart">
    <failure type="java.lang.AssertionError" message="Page is not loaded.">
      <![CDATA[java.lang.AssertionError: Page is not loaded.
at org.testng.Assert.fail(Assert.java:96)
at pages.PageBase.waitForPageLoad(PageBase.java:26)
at pages.amazon.HomePage.<init>(HomePage.java:30)
at pages.amazon.HomePage.navigateToHomePage(HomePage.java:37)
at amazonTestCases.AddItemToCart.addItemToCartAndVerify(AddItemToCart.java:25)
at sun.reflect.NativeMethodAccessorImpl.invoke0(Native Method)
at sun.reflect.NativeMethodAccessorImpl.invoke(NativeMethodAccessorImpl.java:62)
at sun.reflect.DelegatingMethodAccessorImpl.invoke(DelegatingMethodAccessorImpl.java:43)
at java.lang.reflect.Method.invoke(Method.java:498)
at org.testng.internal.MethodInvocationHelper.invokeMethod(MethodInvocationHelper.java:124)
at org.testng.internal.Invoker.invokeMethod(Invoker.java:583)
at org.testng.internal.Invoker.invokeTestMethod(Invoker.java:719)
at org.testng.internal.Invoker.invokeTestMethods(Invoker.java:989)
at org.testng.internal.TestMethodWorker.invokeTestMethods(TestMethodWorker.java:125)
at org.testng.internal.TestMethodWorker.run(TestMethodWorker.java:109)
at java.util.concurrent.ThreadPoolExecutor.runWorker(ThreadPoolExecutor.java:1149)
at java.util.concurrent.ThreadPoolExecutor$Worker.run(ThreadPoolExecutor.java:624)
at java.lang.Thread.run(Thread.java:748)
]]>
    </failure>
  </testcase> <!-- addItemToCartAndVerify -->
</testsuite> <!-- amazonTestCases.AddItemToCart -->
